<?xml version="1.0" encoding="UTF-8"?>
<!-- Generated by org.testng.reporters.JUnitReportReporter -->
<testsuite hostname="RahulLaptop" failures="0" tests="5" name="testCases.Tc_003_LoginDataDrivenTest" time="39.358" errors="0" timestamp="2023-08-30T11:55:44 EDT" skipped="0">
  <testcase classname="testCases.Tc_003_LoginDataDrivenTest" name="test_Login" time="11.494"/>
  <testcase classname="testCases.Tc_003_LoginDataDrivenTest" name="test_Login" time="2.784"/>
  <testcase classname="testCases.Tc_003_LoginDataDrivenTest" name="test_Login" time="11.035"/>
  <testcase classname="testCases.Tc_003_LoginDataDrivenTest" name="test_Login" time="11.505"/>
  <testcase classname="testCases.Tc_003_LoginDataDrivenTest" name="test_Login" time="2.540"/>
</testsuite> <!-- testCases.Tc_003_LoginDataDrivenTest -->
