<?xml version="1.0" encoding="UTF-8"?>
<!-- Generated by org.testng.reporters.JUnitReportReporter -->
<testsuite hostname="RahulLaptop" failures="0" tests="1" name="testCases.Tc_002_LoginTest" time="1.401" errors="0" timestamp="2023-08-31T11:15:17 EDT" skipped="0">
  <testcase classname="testCases.Tc_002_LoginTest" name="test_Login" time="1.401"/>
</testsuite> <!-- testCases.Tc_002_LoginTest -->
