<?xml version="1.0" encoding="UTF-8"?>
<!-- Generated by org.testng.reporters.JUnitReportReporter -->
<testsuite hostname="RahulLaptop" failures="0" tests="1" name="testCases.Tc_001_AccountRegistrationTest" time="2.159" errors="0" timestamp="2023-08-30T20:59:36 EDT" skipped="0">
  <testcase classname="testCases.Tc_001_AccountRegistrationTest" name="test_accountRegistration" time="2.159"/>
</testsuite> <!-- testCases.Tc_001_AccountRegistrationTest -->
